<?xml version="1.0" encoding="UTF-8"?>
<!-- Generated by org.testng.reporters.JUnitXMLReporter -->
<testsuite hostname="Наташа-HP" name="Default test" tests="4" failures="0" timestamp="23 Aug 2015 20:04:47 GMT" time="26.378" errors="0">
  <testcase name="testEmptyGroupCreation" time="3.36" classname="com.example.tests.GroupCreation"/>
  <testcase name="testNonEmptyGroupCreation" time="3.256" classname="com.example.tests.GroupCreation"/>
  <testcase name="addNewEmptyContact" time="3.744" classname="com.example.tests.NewContactCreation"/>
  <testcase name="addNewNotEmptyContact" time="5.434" classname="com.example.tests.NewContactCreation"/>
</testsuite> <!-- Default test -->
